2026-06-17 10:00:01 INFO System boot initiated
2026-06-17 10:00:03 INFO Firmware version 3.2.1 loaded
2026-06-17 10:00:05 INFO Connection established to central server
2026-06-17 10:00:08 INFO Authentication successful for device ID EV-CHG-1042
2026-06-17 10:00:12 INFO Charging module initialized
2026-06-17 10:00:20 WARNING Sensor calibration delay detected
2026-06-17 10:00:35 INFO Temperature sensors nominal
2026-06-17 10:01:10 WARNING High memory usage on control unit (78%)
2026-06-17 10:01:15 WARNING Network latency increased (250ms)
2026-06-17 10:01:40 INFO Load balancing activated

2026-06-17 10:02:00 ERROR Database connection lost
2026-06-17 10:02:05 WARNING Attempting automatic reconnection
2026-06-17 10:02:12 INFO Reconnection attempt 1 failed
2026-06-17 10:02:20 INFO Reconnection attempt 2 failed
2026-06-17 10:02:30 ERROR Service timeout during retry cycle

2026-06-17 10:03:00 INFO Fallback mode activated (offline cache enabled)
2026-06-17 10:03:10 INFO Recovery successful - database reconnected
2026-06-17 10:03:20 INFO Synchronizing cached transactions
2026-06-17 10:03:45 WARNING Partial data sync delay detected

2026-06-17 10:04:00 ERROR Service timeout on analytics module
2026-06-17 10:04:10 WARNING Analytics module restarted
2026-06-17 10:04:25 INFO Analytics service restored

2026-06-17 10:05:00 INFO Charging session started
2026-06-17 10:05:15 INFO Power output stabilized at 7.2kW
2026-06-17 10:05:30 WARNING Voltage fluctuation detected (±5%)

2026-06-17 10:06:00 ERROR Overcurrent protection triggered
2026-06-17 10:06:05 INFO Safety shutdown initiated
2026-06-17 10:06:12 INFO Charging session paused

2026-06-17 10:06:30 INFO System diagnostics running
2026-06-17 10:07:00 INFO No critical hardware failure detected
2026-06-17 10:07:20 INFO System stable - awaiting restart command